<?xml version="1.0" encoding="UTF-8"?>
<testsuite xmlns:xsi="http://www.w3.org/2001/XMLSchema-instance" xsi:noNamespaceSchemaLocation="https://maven.apache.org/surefire/maven-surefire-plugin/xsd/surefire-test-report.xsd" version="3.0.2" name="com.shubham.matrimony.shubham_matrimony_biodata.ShubhamMatrimonyBiodataApplicationTests" time="4.201" tests="1" errors="0" skipped="0" failures="0" flakes="0">
  <properties>
[...]
</properties>
  <testcase name="contextLoads" classname="com.shubham.matrimony.shubham_matrimony_biodata.ShubhamMatrimonyBiodataApplicationTests" time="0.844">
    <system-out><![CDATA[23:08:48.856 [main] INFO org.springframework.test.context.support.AnnotationConfigContextLoaderUtils -- Could not detect default configuration classes for test class [com.shubham.matrimony.shubham_matrimony_biodata.ShubhamMatrimonyBiodataApplicationTests]: ShubhamMatrimonyBiodataApplicationTests does not declare any static, non-private, non-final, nested classes annotated with @Configuration.
23:08:48.981 [main] INFO org.springframework.boot.test.context.SpringBootTestContextBootstrapper -- Found @SpringBootConfiguration com.shubham.matrimony.shubham_matrimony_biodata.ShubhamMatrimonyBiodataApplication for test class com.shubham.matrimony.shubham_matrimony_biodata.ShubhamMatrimonyBiodataApplicationTests
23:08:49.081 [main] INFO org.springframework.test.context.support.AnnotationConfigContextLoaderUtils -- Could not detect default configuration classes for test class [com.shubham.matrimony.shubham_matrimony_biodata.ShubhamMatrimonyBiodataApplicationTests]: ShubhamMatrimonyBiodataApplicationTests does not declare any static, non-private, non-final, nested classes annotated with @Configuration.
23:08:49.083 [main] INFO org.springframework.boot.test.context.SpringBootTestContextBootstrapper -- Found @SpringBootConfiguration com.shubham.matrimony.shubham_matrimony_biodata.ShubhamMatrimonyBiodataApplication for test class com.shubham.matrimony.shubham_matrimony_biodata.ShubhamMatrimonyBiodataApplicationTests
23:08:49.153 [main] INFO org.springframework.boot.devtools.restart.RestartApplicationListener -- Restart disabled due to context in which it is running

  .   ____          _            __ _ _
 /\\ / ___'_ __ _ _(_)_ __  __ _ \ \ \ \
( ( )\___ | '_ | '_| | '_ \/ _` | \ \ \ \
 \\/  ___)| |_)| | | | | || (_| |  ) ) ) )
  '  |____| .__|_| |_|_| |_\__, | / / / /
 =========|_|==============|___/=/_/_/_/

 :: Spring Boot ::                (v4.0.6)

2026-09-02T23:08:49.466+05:30  INFO 26036 --- [Shubham_matrimony_Biodata] [           main] .ShubhamMatrimonyBiodataApplicationTests : Starting ShubhamMatrimonyBiodataApplicationTests using Java 17.0.17 with PID 26036 (started by aryan in D:\shubham-biodata-format\Shubham_matrimony_Biodata)
2026-09-02T23:08:49.469+05:30  INFO 26036 --- [Shubham_matrimony_Biodata] [           main] .ShubhamMatrimonyBiodataApplicationTests : No active profile set, falling back to 1 default profile: "default"
2026-09-02T23:08:51.876+05:30  INFO 26036 --- [Shubham_matrimony_Biodata] [           main] .w.s.a.s.AnnotationActionEndpointMapping : Supporting [WS-Addressing August 2004, WS-Addressing 1.0]
2026-09-02T23:08:51.945+05:30  INFO 26036 --- [Shubham_matrimony_Biodata] [           main] .ShubhamMatrimonyBiodataApplicationTests : Started ShubhamMatrimonyBiodataApplicationTests in 2.803 seconds (process running for 4.396)
2026-09-02T23:08:51.953+05:30  WARN 26036 --- [Shubham_matrimony_Biodata] [           main] o.s.core.events.SpringDocAppInitializer  : SpringDoc /v3/api-docs endpoint is enabled by default. To disable it in production, set the property 'springdoc.api-docs.enabled=false'
2026-09-02T23:08:51.953+05:30  WARN 26036 --- [Shubham_matrimony_Biodata] [           main] o.s.core.events.SpringDocAppInitializer  : SpringDoc /swagger-ui.html endpoint is enabled by default. To disable it in production, set the property 'springdoc.swagger-ui.enabled=false'
]]></system-out>
  </testcase>
</testsuite>